#
# There is insufficient memory for the Java Runtime Environment to continue.
# Native memory allocation (malloc) failed to allocate 145744 bytes. Error detail: Chunk::new
# Possible reasons:
#   The system is out of physical RAM or swap space
#   This process is running with CompressedOops enabled, and the Java Heap may be blocking the growth of the native heap
# Possible solutions:
#   Reduce memory load on the system
#   Increase physical memory or swap space
#   Check if swap backing store is full
#   Decrease Java heap size (-Xmx/-Xms)
#   Decrease number of Java threads
#   Decrease Java thread stack sizes (-Xss)
#   Set larger code cache with -XX:ReservedCodeCacheSize=
#
#  
#
 Windows 11 , 64 bit Build 22621 (10.0.22621.4655)
Time: Fri Jan 10 18:09:07 2025 India Standard Time elapsed time: 1.065270 seconds (0d 0h 0m 1s)

---------------  T H R E A D  ---------------

Current thread (0x000002175a0191c0):  JavaThread "C2 CompilerThread0" daemon [_thread_in_native, id=8812, stack(0x000000da1e000000,0x000000da1e100000) (1024K)]


Current CompileTask:
C2:1065  480 %     4       sun.security.provider.SHA::implCompress0 @ 27 (478 bytes)

Stack: [0x000000da1e000000,0x000000da1e100000]
Native frames: (J=compiled Java code, j=interpreted, Vv=VM code, C=native code)
V  [jvm.dll+0x6e4ef9]
V  [jvm.dll+0x8c3263]
V  [jvm.dll+0x8c57be]
V  [jvm.dll+0x8c5ea3]
V  [jvm.dll+0x288c26]
V  [jvm.dll+0xc669d]
V  [jvm.dll+0xc6bd3]
V  [jvm.dll+0x3c424b]
V  [jvm.dll+0x38fea7]
V  [jvm.dll+0x38f31a]
V  [jvm.dll+0x250482]
V  [jvm.dll+0x24fa51]
V  [jvm.dll+0x1cd694]
V  [jvm.dll+0x25f2bc]
V  [jvm.dll+0x25d806]
V  [jvm.dll+0x3ff2b6]
V  [jvm.dll+0x86ae78]
V  [jvm.dll+0x6e36fd]
C  [ucrtbase.dll+0x29333]
C  [KERNEL32.DLL+0x1259d]
C  [ntdll.dll+0x5af38]


---------------  P R O C E S S  ---------------

Threads class SMR info:
_java_thread_list=0x000002175a1b45a0, length=11, elements={
0x000002173ca4f340, 0x0000021755c26e90, 0x0000021755c3e2d0, 0x000002175a023fc0,
0x000002175a026a20, 0x000002175a027470, 0x000002175a018440, 0x000002175a0191c0,
0x000002175a01d150, 0x000002175a1d10a0, 0x000002175a1d4720
}

Java Threads: ( => current thread )
  0x000002173ca4f340 JavaThread "main"                              [_thread_in_vm, id=18032, stack(0x000000da1d200000,0x000000da1d300000) (1024K)]
  0x0000021755c26e90 JavaThread "Reference Handler"          daemon [_thread_blocked, id=23236, stack(0x000000da1da00000,0x000000da1db00000) (1024K)]
  0x0000021755c3e2d0 JavaThread "Finalizer"                  daemon [_thread_blocked, id=9480, stack(0x000000da1db00000,0x000000da1dc00000) (1024K)]
  0x000002175a023fc0 JavaThread "Signal Dispatcher"          daemon [_thread_blocked, id=27692, stack(0x000000da1dc00000,0x000000da1dd00000) (1024K)]
  0x000002175a026a20 JavaThread "Attach Listener"            daemon [_thread_blocked, id=1864, stack(0x000000da1dd00000,0x000000da1de00000) (1024K)]
  0x000002175a027470 JavaThread "Service Thread"             daemon [_thread_blocked, id=16548, stack(0x000000da1de00000,0x000000da1df00000) (1024K)]
  0x000002175a018440 JavaThread "Monitor Deflation Thread"   daemon [_thread_blocked, id=27656, stack(0x000000da1df00000,0x000000da1e000000) (1024K)]
=>0x000002175a0191c0 JavaThread "C2 CompilerThread0"         daemon [_thread_in_native, id=8812, stack(0x000000da1e000000,0x000000da1e100000) (1024K)]
  0x000002175a01d150 JavaThread "C1 CompilerThread0"         daemon [_thread_blocked, id=22072, stack(0x000000da1e100000,0x000000da1e200000) (1024K)]
  0x000002175a1d10a0 JavaThread "Notification Thread"        daemon [_thread_blocked, id=5996, stack(0x000000da1e200000,0x000000da1e300000) (1024K)]
  0x000002175a1d4720 JavaThread "Common-Cleaner"             daemon [_thread_blocked, id=16312, stack(0x000000da1e300000,0x000000da1e400000) (1024K)]
Total: 11

Other Threads:
  0x0000021755be83e0 VMThread "VM Thread"                           [id=10192, stack(0x000000da1d900000,0x000000da1da00000) (1024K)]
  0x0000021755b62e50 WatcherThread "VM Periodic Task Thread"        [id=14856, stack(0x000000da1d800000,0x000000da1d900000) (1024K)]
  0x000002173ca53d70 WorkerThread "GC Thread#0"                     [id=3088, stack(0x000000da1d300000,0x000000da1d400000) (1024K)]
  0x000002173cd428f0 ConcurrentGCThread "G1 Main Marker"            [id=11776, stack(0x000000da1d400000,0x000000da1d500000) (1024K)]
  0x000002173cd433f0 WorkerThread "G1 Conc#0"                       [id=15640, stack(0x000000da1d500000,0x000000da1d600000) (1024K)]
  0x000002173cdb2860 ConcurrentGCThread "G1 Refine#0"               [id=28372, stack(0x000000da1d600000,0x000000da1d700000) (1024K)]
  0x000002173cdb33d0 ConcurrentGCThread "G1 Service"                [id=14456, stack(0x000000da1d700000,0x000000da1d800000) (1024K)]
Total: 7

Threads with active compile tasks:
C2 CompilerThread0  1121  480 %     4       sun.security.provider.SHA::implCompress0 @ 27 (478 bytes)
Total: 1

VM state: not at safepoint (normal execution)

VM Mutex/Monitor currently owned by a thread:  ([mutex/lock_event])
[0x00007fff76d5c7c0] Metaspace_lock - owner thread: 0x000002173ca4f340

Heap address: 0x00000000c3000000, size: 976 MB, Compressed Oops mode: 32-bit

CDS archive(s) not mapped
Compressed class space mapped at: 0x0000000100000000-0x0000000140000000, reserved size: 1073741824
Narrow klass base: 0x0000000000000000, Narrow klass shift: 3, Narrow klass range: 0x140000000

GC Precious Log:
 CardTable entry size: 512
 Card Set container configuration: InlinePtr #cards 5 size 8 Array Of Cards #cards 12 size 40 Howl #buckets 4 coarsen threshold 1843 Howl Bitmap #cards 512 size 80 coarsen threshold 460 Card regions per heap region 1 cards per card region 2048
 CPUs: 8 total, 8 available
 Memory: 3899M
 Large Page Support: Disabled
 NUMA Support: Disabled
 Compressed Oops: Enabled (32-bit)
 Heap Region Size: 1M
 Heap Min Capacity: 8M
 Heap Initial Capacity: 62M
 Heap Max Capacity: 976M
 Pre-touch: Disabled
 Parallel Workers: 8
 Concurrent Workers: 2
 Concurrent Refinement Workers: 8
 Periodic GC: Disabled

Heap:
 garbage-first heap   total 63488K, used 5120K [0x00000000c3000000, 0x0000000100000000)
  region size 1024K, 6 young (6144K), 0 survivors (0K)
 Metaspace       used 11108K, committed 11200K, reserved 1114112K
  class space    used 961K, committed 1024K, reserved 1048576K

Heap Regions: E=young(eden), S=young(survivor), O=old, HS=humongous(starts), HC=humongous(continues), CS=collection set, F=free, TAMS=top-at-mark-start, PB=parsable bottom
|   0|0x00000000c3000000, 0x00000000c3000000, 0x00000000c3100000|  0%| F|  |TAMS 0x00000000c3000000| PB 0x00000000c3000000| Untracked 
|   1|0x00000000c3100000, 0x00000000c3100000, 0x00000000c3200000|  0%| F|  |TAMS 0x00000000c3100000| PB 0x00000000c3100000| Untracked 
|   2|0x00000000c3200000, 0x00000000c3200000, 0x00000000c3300000|  0%| F|  |TAMS 0x00000000c3200000| PB 0x00000000c3200000| Untracked 
|   3|0x00000000c3300000, 0x00000000c3300000, 0x00000000c3400000|  0%| F|  |TAMS 0x00000000c3300000| PB 0x00000000c3300000| Untracked 
|   4|0x00000000c3400000, 0x00000000c3400000, 0x00000000c3500000|  0%| F|  |TAMS 0x00000000c3400000| PB 0x00000000c3400000| Untracked 
|   5|0x00000000c3500000, 0x00000000c3500000, 0x00000000c3600000|  0%| F|  |TAMS 0x00000000c3500000| PB 0x00000000c3500000| Untracked 
|   6|0x00000000c3600000, 0x00000000c3600000, 0x00000000c3700000|  0%| F|  |TAMS 0x00000000c3600000| PB 0x00000000c3600000| Untracked 
|   7|0x00000000c3700000, 0x00000000c3700000, 0x00000000c3800000|  0%| F|  |TAMS 0x00000000c3700000| PB 0x00000000c3700000| Untracked 
|   8|0x00000000c3800000, 0x00000000c3800000, 0x00000000c3900000|  0%| F|  |TAMS 0x00000000c3800000| PB 0x00000000c3800000| Untracked 
|   9|0x00000000c3900000, 0x00000000c3900000, 0x00000000c3a00000|  0%| F|  |TAMS 0x00000000c3900000| PB 0x00000000c3900000| Untracked 
|  10|0x00000000c3a00000, 0x00000000c3a00000, 0x00000000c3b00000|  0%| F|  |TAMS 0x00000000c3a00000| PB 0x00000000c3a00000| Untracked 
|  11|0x00000000c3b00000, 0x00000000c3b00000, 0x00000000c3c00000|  0%| F|  |TAMS 0x00000000c3b00000| PB 0x00000000c3b00000| Untracked 
|  12|0x00000000c3c00000, 0x00000000c3c00000, 0x00000000c3d00000|  0%| F|  |TAMS 0x00000000c3c00000| PB 0x00000000c3c00000| Untracked 
|  13|0x00000000c3d00000, 0x00000000c3d00000, 0x00000000c3e00000|  0%| F|  |TAMS 0x00000000c3d00000| PB 0x00000000c3d00000| Untracked 
|  14|0x00000000c3e00000, 0x00000000c3e00000, 0x00000000c3f00000|  0%| F|  |TAMS 0x00000000c3e00000| PB 0x00000000c3e00000| Untracked 
|  15|0x00000000c3f00000, 0x00000000c3f00000, 0x00000000c4000000|  0%| F|  |TAMS 0x00000000c3f00000| PB 0x00000000c3f00000| Untracked 
|  16|0x00000000c4000000, 0x00000000c4000000, 0x00000000c4100000|  0%| F|  |TAMS 0x00000000c4000000| PB 0x00000000c4000000| Untracked 
|  17|0x00000000c4100000, 0x00000000c4100000, 0x00000000c4200000|  0%| F|  |TAMS 0x00000000c4100000| PB 0x00000000c4100000| Untracked 
|  18|0x00000000c4200000, 0x00000000c4200000, 0x00000000c4300000|  0%| F|  |TAMS 0x00000000c4200000| PB 0x00000000c4200000| Untracked 
|  19|0x00000000c4300000, 0x00000000c4300000, 0x00000000c4400000|  0%| F|  |TAMS 0x00000000c4300000| PB 0x00000000c4300000| Untracked 
|  20|0x00000000c4400000, 0x00000000c4400000, 0x00000000c4500000|  0%| F|  |TAMS 0x00000000c4400000| PB 0x00000000c4400000| Untracked 
|  21|0x00000000c4500000, 0x00000000c4500000, 0x00000000c4600000|  0%| F|  |TAMS 0x00000000c4500000| PB 0x00000000c4500000| Untracked 
|  22|0x00000000c4600000, 0x00000000c4600000, 0x00000000c4700000|  0%| F|  |TAMS 0x00000000c4600000| PB 0x00000000c4600000| Untracked 
|  23|0x00000000c4700000, 0x00000000c4700000, 0x00000000c4800000|  0%| F|  |TAMS 0x00000000c4700000| PB 0x00000000c4700000| Untracked 
|  24|0x00000000c4800000, 0x00000000c4800000, 0x00000000c4900000|  0%| F|  |TAMS 0x00000000c4800000| PB 0x00000000c4800000| Untracked 
|  25|0x00000000c4900000, 0x00000000c4900000, 0x00000000c4a00000|  0%| F|  |TAMS 0x00000000c4900000| PB 0x00000000c4900000| Untracked 
|  26|0x00000000c4a00000, 0x00000000c4a00000, 0x00000000c4b00000|  0%| F|  |TAMS 0x00000000c4a00000| PB 0x00000000c4a00000| Untracked 
|  27|0x00000000c4b00000, 0x00000000c4b00000, 0x00000000c4c00000|  0%| F|  |TAMS 0x00000000c4b00000| PB 0x00000000c4b00000| Untracked 
|  28|0x00000000c4c00000, 0x00000000c4c00000, 0x00000000c4d00000|  0%| F|  |TAMS 0x00000000c4c00000| PB 0x00000000c4c00000| Untracked 
|  29|0x00000000c4d00000, 0x00000000c4d00000, 0x00000000c4e00000|  0%| F|  |TAMS 0x00000000c4d00000| PB 0x00000000c4d00000| Untracked 
|  30|0x00000000c4e00000, 0x00000000c4e00000, 0x00000000c4f00000|  0%| F|  |TAMS 0x00000000c4e00000| PB 0x00000000c4e00000| Untracked 
|  31|0x00000000c4f00000, 0x00000000c4f00000, 0x00000000c5000000|  0%| F|  |TAMS 0x00000000c4f00000| PB 0x00000000c4f00000| Untracked 
|  32|0x00000000c5000000, 0x00000000c5000000, 0x00000000c5100000|  0%| F|  |TAMS 0x00000000c5000000| PB 0x00000000c5000000| Untracked 
|  33|0x00000000c5100000, 0x00000000c5100000, 0x00000000c5200000|  0%| F|  |TAMS 0x00000000c5100000| PB 0x00000000c5100000| Untracked 
|  34|0x00000000c5200000, 0x00000000c5200000, 0x00000000c5300000|  0%| F|  |TAMS 0x00000000c5200000| PB 0x00000000c5200000| Untracked 
|  35|0x00000000c5300000, 0x00000000c5300000, 0x00000000c5400000|  0%| F|  |TAMS 0x00000000c5300000| PB 0x00000000c5300000| Untracked 
|  36|0x00000000c5400000, 0x00000000c5400000, 0x00000000c5500000|  0%| F|  |TAMS 0x00000000c5400000| PB 0x00000000c5400000| Untracked 
|  37|0x00000000c5500000, 0x00000000c5500000, 0x00000000c5600000|  0%| F|  |TAMS 0x00000000c5500000| PB 0x00000000c5500000| Untracked 
|  38|0x00000000c5600000, 0x00000000c5600000, 0x00000000c5700000|  0%| F|  |TAMS 0x00000000c5600000| PB 0x00000000c5600000| Untracked 
|  39|0x00000000c5700000, 0x00000000c5700000, 0x00000000c5800000|  0%| F|  |TAMS 0x00000000c5700000| PB 0x00000000c5700000| Untracked 
|  40|0x00000000c5800000, 0x00000000c5800000, 0x00000000c5900000|  0%| F|  |TAMS 0x00000000c5800000| PB 0x00000000c5800000| Untracked 
|  41|0x00000000c5900000, 0x00000000c5900000, 0x00000000c5a00000|  0%| F|  |TAMS 0x00000000c5900000| PB 0x00000000c5900000| Untracked 
|  42|0x00000000c5a00000, 0x00000000c5a00000, 0x00000000c5b00000|  0%| F|  |TAMS 0x00000000c5a00000| PB 0x00000000c5a00000| Untracked 
|  43|0x00000000c5b00000, 0x00000000c5b00000, 0x00000000c5c00000|  0%| F|  |TAMS 0x00000000c5b00000| PB 0x00000000c5b00000| Untracked 
|  44|0x00000000c5c00000, 0x00000000c5c00000, 0x00000000c5d00000|  0%| F|  |TAMS 0x00000000c5c00000| PB 0x00000000c5c00000| Untracked 
|  45|0x00000000c5d00000, 0x00000000c5d00000, 0x00000000c5e00000|  0%| F|  |TAMS 0x00000000c5d00000| PB 0x00000000c5d00000| Untracked 
|  46|0x00000000c5e00000, 0x00000000c5e00000, 0x00000000c5f00000|  0%| F|  |TAMS 0x00000000c5e00000| PB 0x00000000c5e00000| Untracked 
|  47|0x00000000c5f00000, 0x00000000c5f00000, 0x00000000c6000000|  0%| F|  |TAMS 0x00000000c5f00000| PB 0x00000000c5f00000| Untracked 
|  48|0x00000000c6000000, 0x00000000c6000000, 0x00000000c6100000|  0%| F|  |TAMS 0x00000000c6000000| PB 0x00000000c6000000| Untracked 
|  49|0x00000000c6100000, 0x00000000c6100000, 0x00000000c6200000|  0%| F|  |TAMS 0x00000000c6100000| PB 0x00000000c6100000| Untracked 
|  50|0x00000000c6200000, 0x00000000c6200000, 0x00000000c6300000|  0%| F|  |TAMS 0x00000000c6200000| PB 0x00000000c6200000| Untracked 
|  51|0x00000000c6300000, 0x00000000c6300000, 0x00000000c6400000|  0%| F|  |TAMS 0x00000000c6300000| PB 0x00000000c6300000| Untracked 
|  52|0x00000000c6400000, 0x00000000c6400000, 0x00000000c6500000|  0%| F|  |TAMS 0x00000000c6400000| PB 0x00000000c6400000| Untracked 
|  53|0x00000000c6500000, 0x00000000c6500000, 0x00000000c6600000|  0%| F|  |TAMS 0x00000000c6500000| PB 0x00000000c6500000| Untracked 
|  54|0x00000000c6600000, 0x00000000c6600000, 0x00000000c6700000|  0%| F|  |TAMS 0x00000000c6600000| PB 0x00000000c6600000| Untracked 
|  55|0x00000000c6700000, 0x00000000c6700000, 0x00000000c6800000|  0%| F|  |TAMS 0x00000000c6700000| PB 0x00000000c6700000| Untracked 
|  56|0x00000000c6800000, 0x00000000c68ed090, 0x00000000c6900000| 92%| E|  |TAMS 0x00000000c6800000| PB 0x00000000c6800000| Complete 
|  57|0x00000000c6900000, 0x00000000c6a00000, 0x00000000c6a00000|100%| E|CS|TAMS 0x00000000c6900000| PB 0x00000000c6900000| Complete 
|  58|0x00000000c6a00000, 0x00000000c6b00000, 0x00000000c6b00000|100%| E|CS|TAMS 0x00000000c6a00000| PB 0x00000000c6a00000| Complete 
|  59|0x00000000c6b00000, 0x00000000c6c00000, 0x00000000c6c00000|100%| E|CS|TAMS 0x00000000c6b00000| PB 0x00000000c6b00000| Complete 
|  60|0x00000000c6c00000, 0x00000000c6d00000, 0x00000000c6d00000|100%| E|CS|TAMS 0x00000000c6c00000| PB 0x00000000c6c00000| Complete 
|  61|0x00000000c6d00000, 0x00000000c6e00000, 0x00000000c6e00000|100%| E|CS|TAMS 0x00000000c6d00000| PB 0x00000000c6d00000| Complete 

Card table byte_map: [0x0000021752050000,0x0000021752240000] _byte_map_base: 0x0000021751a38000

Marking Bits: (CMBitMap*) 0x000002173cd39cc0
 Bits: [0x0000021752240000, 0x0000021753180000)

Polling page: 0x000002173cdc0000

Metaspace:

Usage:
  Non-class:      9.91 MB used.
      Class:    961.62 KB used.
       Both:     10.85 MB used.

Virtual space:
  Non-class space:       64.00 MB reserved,       9.94 MB ( 16%) committed,  1 nodes.
      Class space:        1.00 GB reserved,       1.00 MB ( <1%) committed,  1 nodes.
             Both:        1.06 GB reserved,      10.94 MB (  1%) committed. 

Chunk freelists:
   Non-Class:  5.86 MB
       Class:  15.02 MB
        Both:  20.88 MB

MaxMetaspaceSize: unlimited
CompressedClassSpaceSize: 1.00 GB
Initial GC threshold: 21.00 MB
Current GC threshold: 21.00 MB
CDS: off
 - commit_granule_bytes: 65536.
 - commit_granule_words: 8192.
 - virtual_space_node_default_size: 8388608.
 - enlarge_chunks_in_place: 1.
 - use_allocation_guard: 0.


Internal statistics:

num_allocs_failed_limit: 0.
num_arena_births: 22.
num_arena_deaths: 0.
num_vsnodes_births: 2.
num_vsnodes_deaths: 0.
num_space_committed: 175.
num_space_uncommitted: 0.
num_chunks_returned_to_freelist: 0.
num_chunks_taken_from_freelist: 62.
num_chunk_merges: 0.
num_chunk_splits: 31.
num_chunks_enlarged: 18.
num_inconsistent_stats: 0.

CodeHeap 'non-profiled nmethods': size=120000Kb used=146Kb max_used=146Kb free=119853Kb
 bounds [0x0000021749ed0000, 0x000002174a140000, 0x0000021751400000]
CodeHeap 'profiled nmethods': size=120000Kb used=759Kb max_used=759Kb free=119240Kb
 bounds [0x0000021742400000, 0x0000021742670000, 0x0000021749930000]
CodeHeap 'non-nmethods': size=5760Kb used=1344Kb max_used=1360Kb free=4415Kb
 bounds [0x0000021749930000, 0x0000021749ba0000, 0x0000021749ed0000]
 total_blobs=954 nmethods=501 adapters=358
 compilation: enabled
              stopped_count=0, restarted_count=0
 full_count=0

Compilation events (20 events):
Event: 1.004 Thread 0x000002175a01d150 nmethod 476 0x00000217424b4110 code [0x00000217424b42c0, 0x00000217424b4528]
Event: 1.004 Thread 0x000002175a01d150  477       3       java.util.Random::nextBoolean (14 bytes)
Event: 1.004 Thread 0x000002175a0191c0 nmethod 474 0x0000021749ef0e90 code [0x0000021749ef1020, 0x0000021749ef10f0]
Event: 1.004 Thread 0x000002175a01d150 nmethod 477 0x00000217424b4690 code [0x00000217424b4840, 0x00000217424b4a58]
Event: 1.013 Thread 0x000002175a0191c0  478       4       java.lang.StringLatin1::newString (24 bytes)
Event: 1.019 Thread 0x000002175a0191c0 nmethod 478 0x0000021749ef1190 code [0x0000021749ef1340, 0x0000021749ef1960]
Event: 1.019 Thread 0x000002175a0191c0  479       4       java.lang.String::substring (58 bytes)
Event: 1.026 Thread 0x000002175a0191c0 nmethod 479 0x0000021749ef1c10 code [0x0000021749ef1de0, 0x0000021749ef2520]
Event: 1.026 Thread 0x000002175a0191c0  480 %     4       sun.security.provider.SHA::implCompress0 @ 27 (478 bytes)
Event: 1.033 Thread 0x000002175a01d150  484       1       sun.invoke.util.Wrapper::basicTypeChar (5 bytes)
Event: 1.033 Thread 0x000002175a01d150 nmethod 484 0x0000021749ef2e90 code [0x0000021749ef3020, 0x0000021749ef30f0]
Event: 1.034 Thread 0x000002175a01d150  485       3       java.lang.invoke.LambdaForm$BasicType::basicType (187 bytes)
Event: 1.034 Thread 0x000002175a01d150 nmethod 485 0x00000217424b4b10 code [0x00000217424b4dc0, 0x00000217424b5838]
Event: 1.034 Thread 0x000002175a01d150  486       3       java.lang.invoke.MemberName::allFlagsSet (16 bytes)
Event: 1.034 Thread 0x000002175a01d150 nmethod 486 0x00000217424b5b10 code [0x00000217424b5ca0, 0x00000217424b5e08]
Event: 1.034 Thread 0x000002175a01d150  487       3       java.lang.invoke.LambdaForm$BasicType::basicType (8 bytes)
Event: 1.035 Thread 0x000002175a01d150 nmethod 487 0x00000217424b5e90 code [0x00000217424b6060, 0x00000217424b62a0]
Event: 1.035 Thread 0x000002175a01d150  488       1       java.lang.invoke.MethodHandles$Lookup::lookupClass (5 bytes)
Event: 1.035 Thread 0x000002175a01d150 nmethod 488 0x0000021749ef3190 code [0x0000021749ef3320, 0x0000021749ef33e8]
Event: 1.042 Thread 0x000002175a01d150  489       3       java.lang.Integer::rotateRight (9 bytes)

GC Heap History (0 events):
No events

Dll operation events (2 events):
Event: 0.037 Loaded shared library C:\Users\85779\IntelliJ IDEA Community Edition 2024.2.3\jbr\bin\java.dll
Event: 0.060 Loaded shared library C:\Users\85779\IntelliJ IDEA Community Edition 2024.2.3\jbr\bin\zip.dll

Deoptimization events (6 events):
Event: 0.771 Thread 0x000002173ca4f340 Uncommon trap: trap_request=0xffffff45 fr.pc=0x0000021749ee5c1c relative=0x000000000000007c
Event: 0.771 Thread 0x000002173ca4f340 Uncommon trap: reason=unstable_if action=reinterpret pc=0x0000021749ee5c1c method=java.lang.CharacterDataLatin1.toLowerCase(I)I @ 16 c2
Event: 0.771 Thread 0x000002173ca4f340 DEOPT PACKING pc=0x0000021749ee5c1c sp=0x000000da1d2fd650
Event: 0.771 Thread 0x000002173ca4f340 DEOPT UNPACKING pc=0x00000217499846a2 sp=0x000000da1d2fd5e0 mode 2
Event: 0.908 Thread 0x000002173ca4f340 DEOPT PACKING pc=0x0000021742441f87 sp=0x000000da1d2fda10
Event: 0.908 Thread 0x000002173ca4f340 DEOPT UNPACKING pc=0x0000021749984e42 sp=0x000000da1d2fcea8 mode 0

Classes loaded (20 events):
Event: 0.852 Loading class java/net/spi/InetAddressResolver done
Event: 0.852 Loading class java/net/InetAddress$PlatformResolver done
Event: 0.852 Loading class java/net/Inet4Address
Event: 0.853 Loading class java/net/Inet4Address done
Event: 0.853 Loading class java/net/Inet6Address
Event: 0.853 Loading class java/net/Inet6Address done
Event: 0.853 Loading class java/net/Inet6Address$Inet6AddressHolder
Event: 0.854 Loading class java/net/Inet6Address$Inet6AddressHolder done
Event: 0.854 Loading class java/net/DefaultInterface
Event: 0.854 Loading class java/net/DefaultInterface done
Event: 0.862 Loading class java/net/NetworkInterface$1
Event: 0.862 Loading class java/net/NetworkInterface$1 done
Event: 0.863 Loading class java/nio/file/Files$AcceptAllFilter
Event: 0.864 Loading class java/nio/file/Files$AcceptAllFilter done
Event: 1.037 Loading class sun/security/provider/AbstractDrbg$NonceProvider
Event: 1.037 Loading class sun/security/provider/AbstractDrbg$NonceProvider done
Event: 1.038 Loading class sun/security/provider/SHA2$SHA256
Event: 1.038 Loading class sun/security/provider/SHA2
Event: 1.042 Loading class sun/security/provider/SHA2 done
Event: 1.042 Loading class sun/security/provider/SHA2$SHA256 done

Classes unloaded (0 events):
No events

Classes redefined (0 events):
No events

Internal exceptions (3 events):
Event: 0.696 Thread 0x000002173ca4f340 Exception <a 'sun/nio/fs/WindowsException'{0x00000000c6a77b70}> (0x00000000c6a77b70) 
thrown [s\src\hotspot\share\prims\jni.cpp, line 535]
Event: 0.818 Thread 0x000002173ca4f340 Exception <a 'java/lang/NoSuchMethodError'{0x00000000c6955600}: 'java.lang.Object java.lang.invoke.DirectMethodHandle$Holder.invokeStaticInit(java.lang.Object, int, int, int, int)'> (0x00000000c6955600) 
thrown [s\src\hotspot\share\interpreter\linkResolver.cpp, line 784]
Event: 1.034 Thread 0x000002173ca4f340 Exception <a 'java/lang/NoSuchMethodError'{0x00000000c681d898}: 'java.lang.Object java.lang.invoke.DirectMethodHandle$Holder.invokeStaticInit(java.lang.Object, java.lang.Object, int, int, int, int)'> (0x00000000c681d898) 
thrown [s\src\hotspot\share\interpreter\linkResolver.cpp, line 784]

ZGC Phase Switch (0 events):
No events

VM Operations (6 events):
Event: 0.394 Executing VM operation: HandshakeAllThreads (Deoptimize)
Event: 0.394 Executing VM operation: HandshakeAllThreads (Deoptimize) done
Event: 0.419 Executing VM operation: HandshakeAllThreads (Deoptimize)
Event: 0.419 Executing VM operation: HandshakeAllThreads (Deoptimize) done
Event: 0.845 Executing VM operation: HandshakeAllThreads (Deoptimize)
Event: 0.845 Executing VM operation: HandshakeAllThreads (Deoptimize) done

Memory protections (0 events):
No events

Nmethod flushes (0 events):
No events

Events (15 events):
Event: 0.052 Thread 0x000002173ca4f340 Thread added: 0x000002173ca4f340
Event: 0.238 Thread 0x000002173ca4f340 Thread added: 0x0000021755c26e90
Event: 0.238 Thread 0x000002173ca4f340 Thread added: 0x0000021755c3e2d0
Event: 0.241 Thread 0x000002173ca4f340 Thread added: 0x000002175a023fc0
Event: 0.241 Thread 0x000002173ca4f340 Thread added: 0x000002175a026a20
Event: 0.241 Thread 0x000002173ca4f340 Thread added: 0x000002175a027470
Event: 0.241 Thread 0x000002173ca4f340 Thread added: 0x000002175a018440
Event: 0.241 Thread 0x000002173ca4f340 Thread added: 0x000002175a0191c0
Event: 0.241 Thread 0x000002173ca4f340 Thread added: 0x000002175a01d150
Event: 0.327 Thread 0x000002173ca4f340 Thread added: 0x000002175a1d10a0
Event: 0.343 Thread 0x000002173ca4f340 Thread added: 0x000002175a1d4720
Event: 0.361 Loaded shared library C:\Users\85779\IntelliJ IDEA Community Edition 2024.2.3\jbr\bin\net.dll
Event: 0.366 Loaded shared library C:\Users\85779\IntelliJ IDEA Community Edition 2024.2.3\jbr\bin\nio.dll
Event: 0.384 Loaded shared library C:\Users\85779\IntelliJ IDEA Community Edition 2024.2.3\jbr\bin\zip.dll
Event: 0.554 Loaded shared library C:\Users\85779\IntelliJ IDEA Community Edition 2024.2.3\jbr\bin\jimage.dll


Dynamic libraries:
0x00007ff7fb980000 - 0x00007ff7fb98a000 	C:\Users\85779\IntelliJ IDEA Community Edition 2024.2.3\jbr\bin\java.exe
0x00007fffd65b0000 - 0x00007fffd67c7000 	C:\WINDOWS\SYSTEM32\ntdll.dll
0x00007fffd5d70000 - 0x00007fffd5e34000 	C:\WINDOWS\System32\KERNEL32.DLL
0x00007fffd3a70000 - 0x00007fffd3e3f000 	C:\WINDOWS\System32\KERNELBASE.dll
0x00007fffd4120000 - 0x00007fffd4231000 	C:\WINDOWS\System32\ucrtbase.dll
0x00007fffcc9b0000 - 0x00007fffcc9cb000 	C:\Users\85779\IntelliJ IDEA Community Edition 2024.2.3\jbr\bin\VCRUNTIME140.dll
0x00007fffb69c0000 - 0x00007fffb69d8000 	C:\Users\85779\IntelliJ IDEA Community Edition 2024.2.3\jbr\bin\jli.dll
0x00007fffd4de0000 - 0x00007fffd4f8e000 	C:\WINDOWS\System32\USER32.dll
0x00007fffd40f0000 - 0x00007fffd4116000 	C:\WINDOWS\System32\win32u.dll
0x00007fffd53e0000 - 0x00007fffd5409000 	C:\WINDOWS\System32\GDI32.dll
0x00007fffd3e40000 - 0x00007fffd3f5b000 	C:\WINDOWS\System32\gdi32full.dll
0x00007fffd4020000 - 0x00007fffd40ba000 	C:\WINDOWS\System32\msvcp_win.dll
0x00007fffb8010000 - 0x00007fffb82a2000 	C:\WINDOWS\WinSxS\amd64_microsoft.windows.common-controls_6595b64144ccf1df_6.0.22621.4580_none_2714e9b573810c40\COMCTL32.dll
0x00007fffd5330000 - 0x00007fffd53d7000 	C:\WINDOWS\System32\msvcrt.dll
0x00007fffd43a0000 - 0x00007fffd43d1000 	C:\WINDOWS\System32\IMM32.DLL
0x00007fffceba0000 - 0x00007fffcebac000 	C:\Users\85779\IntelliJ IDEA Community Edition 2024.2.3\jbr\bin\vcruntime140_1.dll
0x00007fff94810000 - 0x00007fff9489d000 	C:\Users\85779\IntelliJ IDEA Community Edition 2024.2.3\jbr\bin\msvcp140.dll
0x00007fff76090000 - 0x00007fff76e50000 	C:\Users\85779\IntelliJ IDEA Community Edition 2024.2.3\jbr\bin\server\jvm.dll
0x00007fffd5f80000 - 0x00007fffd6032000 	C:\WINDOWS\System32\ADVAPI32.dll
0x00007fffd5010000 - 0x00007fffd50b7000 	C:\WINDOWS\System32\sechost.dll
0x00007fffd40c0000 - 0x00007fffd40e8000 	C:\WINDOWS\System32\bcrypt.dll
0x00007fffd5e40000 - 0x00007fffd5f54000 	C:\WINDOWS\System32\RPCRT4.dll
0x00007fffd42c0000 - 0x00007fffd4331000 	C:\WINDOWS\System32\WS2_32.dll
0x00007fffcf130000 - 0x00007fffcf164000 	C:\WINDOWS\SYSTEM32\WINMM.dll
0x00007fffcf710000 - 0x00007fffcf71a000 	C:\WINDOWS\SYSTEM32\VERSION.dll
0x00007fffd35a0000 - 0x00007fffd35ed000 	C:\WINDOWS\SYSTEM32\POWRPROF.dll
0x00007fffd3580000 - 0x00007fffd3593000 	C:\WINDOWS\SYSTEM32\UMPDC.dll
0x00007fffd2890000 - 0x00007fffd28a8000 	C:\WINDOWS\SYSTEM32\kernel.appcore.dll
0x00007fffcdf60000 - 0x00007fffcdf6a000 	C:\Users\85779\IntelliJ IDEA Community Edition 2024.2.3\jbr\bin\jimage.dll
0x00007fffd0eb0000 - 0x00007fffd10e2000 	C:\WINDOWS\SYSTEM32\DBGHELP.DLL
0x00007fffd6040000 - 0x00007fffd63cf000 	C:\WINDOWS\System32\combase.dll
0x00007fffd5410000 - 0x00007fffd54e7000 	C:\WINDOWS\System32\OLEAUT32.dll
0x00007fffaf950000 - 0x00007fffaf982000 	C:\WINDOWS\SYSTEM32\dbgcore.DLL
0x00007fffd39f0000 - 0x00007fffd3a6b000 	C:\WINDOWS\System32\bcryptPrimitives.dll
0x00007fffcbba0000 - 0x00007fffcbbbf000 	C:\Users\85779\IntelliJ IDEA Community Edition 2024.2.3\jbr\bin\java.dll
0x00007fffc65b0000 - 0x00007fffc65c8000 	C:\Users\85779\IntelliJ IDEA Community Edition 2024.2.3\jbr\bin\zip.dll
0x00007fffd4560000 - 0x00007fffd4dd7000 	C:\WINDOWS\System32\SHELL32.dll
0x00007fffd1770000 - 0x00007fffd2080000 	C:\WINDOWS\SYSTEM32\windows.storage.dll
0x00007fffd1630000 - 0x00007fffd176f000 	C:\WINDOWS\SYSTEM32\wintypes.dll
0x00007fffd5ad0000 - 0x00007fffd5bd9000 	C:\WINDOWS\System32\SHCORE.dll
0x00007fffd4340000 - 0x00007fffd439e000 	C:\WINDOWS\System32\shlwapi.dll
0x00007fffd37b0000 - 0x00007fffd37db000 	C:\WINDOWS\SYSTEM32\profapi.dll
0x00007fffcc9a0000 - 0x00007fffcc9b0000 	C:\Users\85779\IntelliJ IDEA Community Edition 2024.2.3\jbr\bin\net.dll
0x00007fffceff0000 - 0x00007fffcf126000 	C:\WINDOWS\SYSTEM32\WINHTTP.dll
0x00007fffd2d20000 - 0x00007fffd2d89000 	C:\WINDOWS\system32\mswsock.dll
0x00007fffc6210000 - 0x00007fffc6226000 	C:\Users\85779\IntelliJ IDEA Community Edition 2024.2.3\jbr\bin\nio.dll
0x00007fffd2f90000 - 0x00007fffd2fab000 	C:\WINDOWS\SYSTEM32\CRYPTSP.dll
0x00007fffd27f0000 - 0x00007fffd2825000 	C:\WINDOWS\system32\rsaenh.dll
0x00007fffd2e30000 - 0x00007fffd2e58000 	C:\WINDOWS\SYSTEM32\USERENV.dll
0x00007fffd2fb0000 - 0x00007fffd2fbc000 	C:\WINDOWS\SYSTEM32\CRYPTBASE.dll
0x00007fffd2320000 - 0x00007fffd234d000 	C:\WINDOWS\SYSTEM32\IPHLPAPI.DLL
0x00007fffd50c0000 - 0x00007fffd50c9000 	C:\WINDOWS\System32\NSI.dll

dbghelp: loaded successfully - version: 4.0.5 - missing functions: none
symbol engine: initialized successfully - sym options: 0x614 - pdb path: .;C:\Users\85779\IntelliJ IDEA Community Edition 2024.2.3\jbr\bin;C:\WINDOWS\SYSTEM32;C:\WINDOWS\WinSxS\amd64_microsoft.windows.common-controls_6595b64144ccf1df_6.0.22621.4580_none_2714e9b573810c40;C:\Users\85779\IntelliJ IDEA Community Edition 2024.2.3\jbr\bin\server

VM Arguments:
java_command: git4idea.http.GitAskPassApp Username for 'https://github.com': 
java_class_path (initial): C:/Users/85779/IntelliJ IDEA Community Edition 2024.2.3/plugins/vcs-git/lib/git4idea-rt.jar;C:/Users/85779/IntelliJ IDEA Community Edition 2024.2.3/lib/externalProcess-rt.jar
Launcher Type: SUN_STANDARD

[Global flags]
     intx CICompilerCount                          = 4                                         {product} {ergonomic}
     uint ConcGCThreads                            = 2                                         {product} {ergonomic}
     uint G1ConcRefinementThreads                  = 8                                         {product} {ergonomic}
   size_t G1HeapRegionSize                         = 1048576                                   {product} {ergonomic}
    uintx GCDrainStackTargetSize                   = 64                                        {product} {ergonomic}
   size_t InitialHeapSize                          = 65011712                                  {product} {ergonomic}
   size_t MarkStackSize                            = 4194304                                   {product} {ergonomic}
   size_t MaxHeapSize                              = 1023410176                                {product} {ergonomic}
   size_t MaxNewSize                               = 613416960                                 {product} {ergonomic}
   size_t MinHeapDeltaBytes                        = 1048576                                   {product} {ergonomic}
   size_t MinHeapSize                              = 8388608                                   {product} {ergonomic}
    uintx NonNMethodCodeHeapSize                   = 5839372                                {pd product} {ergonomic}
    uintx NonProfiledCodeHeapSize                  = 122909434                              {pd product} {ergonomic}
    uintx ProfiledCodeHeapSize                     = 122909434                              {pd product} {ergonomic}
    uintx ReservedCodeCacheSize                    = 251658240                              {pd product} {ergonomic}
     bool SegmentedCodeCache                       = true                                      {product} {ergonomic}
   size_t SoftMaxHeapSize                          = 1023410176                             {manageable} {ergonomic}
     bool UseCompressedOops                        = true                           {product lp64_product} {ergonomic}
     bool UseG1GC                                  = true                                      {product} {ergonomic}
     bool UseLargePagesIndividualAllocation        = false                                  {pd product} {ergonomic}

Logging:
Log output configuration:
 #0: stdout all=warning uptime,level,tags foldmultilines=false
 #1: stderr all=off uptime,level,tags foldmultilines=false

Environment Variables:
JAVA_HOME=C:\Program Files\Java\jdk-19
PATH=C:\Program Files\Git\mingw64\libexec\git-core;C:\Program Files\Git\mingw64\libexec\git-core;C:\Program Files\Git\mingw64\bin;C:\Program Files\Git\usr\bin;C:\Users\85779\bin;C:\Program Files\Common Files\Oracle\Java\javapath;C:\WINDOWS\system32;C:\WINDOWS;C:\WINDOWS\System32\Wbem;C:\WINDOWS\System32\WindowsPowerShell\v1.0;C:\WINDOWS\System32\OpenSSH;C:\Program Files\Java\jdk-19\bin;C:\Program Files\MySQL\MySQL Server 8.0\bin;C:\Program Files\HP\HP One Agent;C:\Program Files\Java\jdk-20\bin;C:\Program Files\MySQL\MySQL Server 8.0\bin;C:\Program Files\Java\jdk-18.0.2.1\bin;C:\ProgramData\chocolatey\bin;C:\Program Files\Java\jdk-19\bin;C:\Program Files\MongoDB\Server\8.0\bin;C:\Program Files\Git\cmd;C:\Program Files\Git\usr\bin;C:\Program Files\nodejs;C:\Program Files\MySQL\MySQL Shell 8.0\bin;C:\Users\85779\AppData\Local\Microsoft\WindowsApps;C:\Users\85779\AppData\Local\Programs\Microsoft VS Code\alokpandey\bin;C:\Users\85779\AppData\Local\Microsoft\WindowsApps;C:\Users\85779\AppData\Local\Programs\Microsoft VS Code\bin;C:\Users\85779\AppData\Local\JetBrains\Toolbox\scripts;C:\Users\85779\IntelliJ IDEA Community Edition 2024.2.3\bin;C:\Program Files\Java\jdk-18.0.2.1\bin;C:\Program Files\Java\jdk-19\bin;C:\Users\85779\AppData\Roaming\npm
USERNAME=85779
DISPLAY=:0.0
LC_ALL=en_US.UTF-8
TERM=xterm-256color
TMPDIR=C:\Users\85779\AppData\Local\Temp
OS=Windows_NT
PROCESSOR_IDENTIFIER=Intel64 Family 6 Model 142 Stepping 12, GenuineIntel
TMP=C:\Users\85779\AppData\Local\Temp
TEMP=C:\Users\85779\AppData\Local\Temp




Periodic native trim disabled

JNI global refs:
JNI global refs: 18, weak refs: 0

JNI global refs memory usage: 835, weak refs: 201

Process memory usage:
Resident Set Size: 51444K (1% of 3993588K total physical memory with 171300K free physical memory)

OOME stack traces (most recent first):
Classloader memory used:
